<?xml version="1.0" encoding="UTF-8"?>
<testng-results ignored="0" total="1" passed="1" failed="0" skipped="0">
  <reporter-output>
  </reporter-output>
  <suite started-at="2024-01-29T23:45:29 IST" name="Suite" finished-at="2024-01-29T23:45:46 IST" duration-ms="16211">
    <groups>
    </groups>
    <test started-at="2024-01-29T23:45:29 IST" name="Test" finished-at="2024-01-29T23:45:46 IST" duration-ms="16211">
      <class name="devaltetxtAutomation.altTextAutomation">
        <test-method is-config="true" signature="setup()[pri:0, instance:devaltetxtAutomation.altTextAutomation@2fb3536e]" started-at="2024-01-29T23:45:29 IST" name="setup" finished-at="2024-01-29T23:45:34 IST" duration-ms="4953" status="PASS">
          <reporter-output>
          </reporter-output>
        </test-method> <!-- setup -->
        <test-method signature="myFunction()[pri:0, instance:devaltetxtAutomation.altTextAutomation@2fb3536e]" started-at="2024-01-29T23:45:34 IST" name="myFunction" finished-at="2024-01-29T23:45:45 IST" duration-ms="10734" status="PASS">
          <reporter-output>
          </reporter-output>
        </test-method> <!-- myFunction -->
        <test-method is-config="true" signature="tearDown()[pri:0, instance:devaltetxtAutomation.altTextAutomation@2fb3536e]" started-at="2024-01-29T23:45:45 IST" name="tearDown" finished-at="2024-01-29T23:45:46 IST" duration-ms="450" status="PASS">
          <reporter-output>
          </reporter-output>
        </test-method> <!-- tearDown -->
      </class> <!-- devaltetxtAutomation.altTextAutomation -->
    </test> <!-- Test -->
  </suite> <!-- Suite -->
</testng-results>
